<?xml version="1.0" encoding="UTF-8"?>
<!-- Generated by org.testng.reporters.JUnitXMLReporter -->
<testsuite ignored="2" hostname="LAPTOP-7SCA94H3" failures="0" tests="3" name="Test" time="75.16" errors="0" timestamp="2024-08-20T13:42:06 IST">
  <testcase classname="testcases.SignIn" name="Sigin" time="22.748"/>
  <testcase classname="testcases.SignIn" name="Sigin" time="20.071"/>
  <testcase classname="testcases.LoginTest" name="SignUp" time="20.074"/>
  <testcase classname="base.BaseTest" name="@BeforeTest setUp" time="0.0">
    <ignored/>
  </testcase> <!-- @BeforeTest setUp -->
  <testcase classname="base.BaseTest" name="@AfterTest teardown" time="0.0">
    <ignored/>
  </testcase> <!-- @AfterTest teardown -->
</testsuite> <!-- Test -->
